<?xml version="1.0" encoding="UTF-8"?>
<!-- Generated by org.testng.reporters.JUnitReportReporter -->
<testsuite hostname="LAPTOP-NSH5LFJD" failures="0" tests="1" name="testNG.Hotelbooking" time="82.800" errors="0" timestamp="2025-08-30T15:19:53 IST" skipped="0">
  <testcase classname="testNG.Hotelbooking" name="hotelbooking" time="82.800"/>
</testsuite> <!-- testNG.Hotelbooking -->
