<?xml version="1.0" encoding="UTF-8"?>
<!-- Generated by org.testng.reporters.JUnitReportReporter -->
<testsuite hostname="LAPTOP-NSH5LFJD" failures="0" tests="1" name="testNG.WithLogin" time="125.030" errors="0" timestamp="2025-09-01T12:19:19 IST" skipped="0">
  <testcase classname="testNG.WithLogin" name="login" time="125.030"/>
</testsuite> <!-- testNG.WithLogin -->
